{"E:\\Training\\UI\\UI_progs\\NodeJS\\unit_testing_jasmine\\index.js":{"path":"E:\\Training\\UI\\UI_progs\\NodeJS\\unit_testing_jasmine\\index.js","s":{"1":1,"2":0,"3":0,"4":0,"5":0,"6":0,"7":1,"8":0,"9":0,"10":0,"11":0,"12":1,"13":0,"14":1,"15":0,"16":1,"17":0,"18":1,"19":0,"20":1,"21":0,"22":1,"23":0,"24":1},"b":{"1":[0,0],"2":[0,0],"3":[0,0]},"f":{"1":0,"2":0,"3":0,"4":0,"5":0,"6":0,"7":0,"8":0},"fnMap":{"1":{"name":"fibonacci","line":1,"loc":{"start":{"line":1,"column":0},"end":{"line":1,"column":22}}},"2":{"name":"isPrime","line":10,"loc":{"start":{"line":10,"column":0},"end":{"line":10,"column":22}}},"3":{"name":"isEven","line":14,"loc":{"start":{"line":14,"column":0},"end":{"line":14,"column":19}}},"4":{"name":"isOdd","line":17,"loc":{"start":{"line":17,"column":0},"end":{"line":17,"column":18}}},"5":{"name":"toLowerCase","line":21,"loc":{"start":{"line":21,"column":0},"end":{"line":21,"column":26}}},"6":{"name":"toUpperCase","line":24,"loc":{"start":{"line":24,"column":0},"end":{"line":24,"column":26}}},"7":{"name":"contains","line":27,"loc":{"start":{"line":27,"column":0},"end":{"line":27,"column":45}}},"8":{"name":"repeat","line":30,"loc":{"start":{"line":30,"column":0},"end":{"line":30,"column":24}}}},"statementMap":{"1":{"start":{"line":1,"column":0},"end":{"line":9,"column":1}},"2":{"start":{"line":2,"column":2},"end":{"line":8,"column":3}},"3":{"start":{"line":3,"column":4},"end":{"line":3,"column":18}},"4":{"start":{"line":5,"column":4},"end":{"line":5,"column":29}},"5":{"start":{"line":6,"column":4},"end":{"line":6,"column":46}},"6":{"start":{"line":7,"column":4},"end":{"line":7,"column":13}},"7":{"start":{"line":10,"column":0},"end":{"line":13,"column":1}},"8":{"start":{"line":11,"column":2},"end":{"line":11,"column":64}},"9":{"start":{"line":11,"column":32},"end":{"line":11,"column":64}},"10":{"start":{"line":11,"column":51},"end":{"line":11,"column":64}},"11":{"start":{"line":12,"column":2},"end":{"line":12,"column":32}},"12":{"start":{"line":14,"column":0},"end":{"line":16,"column":1}},"13":{"start":{"line":15,"column":2},"end":{"line":15,"column":20}},"14":{"start":{"line":17,"column":0},"end":{"line":19,"column":1}},"15":{"start":{"line":18,"column":2},"end":{"line":18,"column":30}},"16":{"start":{"line":21,"column":0},"end":{"line":23,"column":1}},"17":{"start":{"line":22,"column":2},"end":{"line":22,"column":27}},"18":{"start":{"line":24,"column":0},"end":{"line":26,"column":1}},"19":{"start":{"line":25,"column":2},"end":{"line":25,"column":27}},"20":{"start":{"line":27,"column":0},"end":{"line":29,"column":1}},"21":{"start":{"line":28,"column":2},"end":{"line":28,"column":50}},"22":{"start":{"line":30,"column":0},"end":{"line":32,"column":1}},"23":{"start":{"line":31,"column":2},"end":{"line":31,"column":36}},"24":{"start":{"line":34,"column":0},"end":{"line":43,"column":2}}},"branchMap":{"1":{"line":2,"type":"if","locations":[{"start":{"line":2,"column":2},"end":{"line":2,"column":2}},{"start":{"line":2,"column":2},"end":{"line":2,"column":2}}]},"2":{"line":11,"type":"if","locations":[{"start":{"line":11,"column":32},"end":{"line":11,"column":32}},{"start":{"line":11,"column":32},"end":{"line":11,"column":32}}]},"3":{"line":12,"type":"binary-expr","locations":[{"start":{"line":12,"column":9},"end":{"line":12,"column":18}},{"start":{"line":12,"column":22},"end":{"line":12,"column":31}}]}}}}