TN:
SF:E:\Training\UI\UI_progs\NodeJS\unit_testing_jasmine\index.js
FN:1,fibonacci
FN:10,isPrime
FN:14,isEven
FN:17,isOdd
FN:21,toLowerCase
FN:24,toUpperCase
FN:27,contains
FN:30,repeat
FNF:8
FNH:0
FNDA:0,fibonacci
FNDA:0,isPrime
FNDA:0,isEven
FNDA:0,isOdd
FNDA:0,toLowerCase
FNDA:0,toUpperCase
FNDA:0,contains
FNDA:0,repeat
DA:1,1
DA:2,0
DA:3,0
DA:5,0
DA:6,0
DA:7,0
DA:10,1
DA:11,0
DA:12,0
DA:14,1
DA:15,0
DA:17,1
DA:18,0
DA:21,1
DA:22,0
DA:24,1
DA:25,0
DA:27,1
DA:28,0
DA:30,1
DA:31,0
DA:34,1
LF:22
LH:9
BRDA:2,1,0,0
BRDA:2,1,1,0
BRDA:11,2,0,0
BRDA:11,2,1,0
BRDA:12,3,0,0
BRDA:12,3,1,0
BRF:6
BRH:0
end_of_record
